----------------------------------------------------------------
Wed Oct 04 10:11:16 ACDT 2023:
Booting Derby version The Apache Software Foundation - Apache Derby - 10.14.2.0 - (1828579): instance a816c00e-018a-f7ea-d11f-00000d85b378 
on database directory C:\Users\teren\OneDrive\Desktop\VLN-Program12-2013\AnsonC-Programming\Anson Programming12\unit6\inquiry\database\userDB with class loader jdk.internal.loader.ClassLoaders$AppClassLoader@1f17ae12 
Loaded from file:/C:/Users/teren/OneDrive/Desktop/VLN-Program12-2013/AnsonC-Programming/Anson%20Programming12/unit6/inquiry/libs/derby.jar
java.vendor=Oracle Corporation
java.runtime.version=19.0.1+10-21
user.dir=C:\Users\teren\OneDrive\Desktop\VLN-Program12-2013\AnsonC-Programming\Anson Programming12\unit6\inquiry
os.name=Windows 11
os.arch=amd64
os.version=10.0
derby.system.home=null
Database Class Loader started - derby.database.classpath=''
----------------------------------------------------------------
Wed Oct 04 10:11:16 ACDT 2023:
Booting Derby version The Apache Software Foundation - Apache Derby - 10.14.2.0 - (1828579): instance 40348015-018a-f7ea-d11f-00000d85b378 
on database directory C:\Users\teren\OneDrive\Desktop\VLN-Program12-2013\AnsonC-Programming\Anson Programming12\unit6\inquiry\database\dataDB with class loader jdk.internal.loader.ClassLoaders$AppClassLoader@1f17ae12 
Loaded from file:/C:/Users/teren/OneDrive/Desktop/VLN-Program12-2013/AnsonC-Programming/Anson%20Programming12/unit6/inquiry/libs/derby.jar
java.vendor=Oracle Corporation
java.runtime.version=19.0.1+10-21
user.dir=C:\Users\teren\OneDrive\Desktop\VLN-Program12-2013\AnsonC-Programming\Anson Programming12\unit6\inquiry
os.name=Windows 11
os.arch=amd64
os.version=10.0
derby.system.home=null
Database Class Loader started - derby.database.classpath=''
